<?xml version="1.0" encoding="UTF-8"?>
<!-- Generated by org.testng.reporters.JUnitReportReporter -->
<testsuite hostname="edublo-alienware-15" failures="0" tests="102" name="RegistrarClaseTest" time="3.591" errors="0" timestamp="2020-10-08T10:21:48 PET" skipped="0">
  <testcase classname="RegistrarClaseTest" name="testCase3" time="0.046"/>
  <testcase classname="RegistrarClaseTest" name="testCase3" time="0.000"/>
  <testcase classname="RegistrarClaseTest" name="testCase3" time="0.001"/>
  <testcase classname="RegistrarClaseTest" name="testCase3" time="0.105"/>
  <testcase classname="RegistrarClaseTest" name="testCase3" time="0.013"/>
  <testcase classname="RegistrarClaseTest" name="testCase3" time="0.013"/>
  <testcase classname="RegistrarClaseTest" name="testCase3" time="0.094"/>
  <testcase classname="RegistrarClaseTest" name="testCase3" time="0.055"/>
  <testcase classname="RegistrarClaseTest" name="testCase3" time="0.052"/>
  <testcase classname="RegistrarClaseTest" name="testCase3" time="0.000"/>
  <testcase classname="RegistrarClaseTest" name="testCase3" time="0.060"/>
  <testcase classname="RegistrarClaseTest" name="testCase3" time="0.000"/>
  <testcase classname="RegistrarClaseTest" name="testCase3" time="0.000"/>
  <testcase classname="RegistrarClaseTest" name="testCase3" time="0.001"/>
  <testcase classname="RegistrarClaseTest" name="testCase3" time="0.002"/>
  <testcase classname="RegistrarClaseTest" name="testCase3" time="0.103"/>
  <testcase classname="RegistrarClaseTest" name="testCase3" time="0.000"/>
  <testcase classname="RegistrarClaseTest" name="testCase3" time="0.094"/>
  <testcase classname="RegistrarClaseTest" name="testCase3" time="0.000"/>
  <testcase classname="RegistrarClaseTest" name="testCase3" time="0.000"/>
  <testcase classname="RegistrarClaseTest" name="testCase3" time="0.002"/>
  <testcase classname="RegistrarClaseTest" name="testCase3" time="0.000"/>
  <testcase classname="RegistrarClaseTest" name="testCase3" time="0.001"/>
  <testcase classname="RegistrarClaseTest" name="testCase3" time="0.076"/>
  <testcase classname="RegistrarClaseTest" name="testCase3" time="0.001"/>
  <testcase classname="RegistrarClaseTest" name="testCase3" time="0.057"/>
  <testcase classname="RegistrarClaseTest" name="testCase3" time="0.000"/>
  <testcase classname="RegistrarClaseTest" name="testCase3" time="0.000"/>
  <testcase classname="RegistrarClaseTest" name="testCase3" time="0.000"/>
  <testcase classname="RegistrarClaseTest" name="testCase3" time="0.000"/>
  <testcase classname="RegistrarClaseTest" name="testCase3" time="0.000"/>
  <testcase classname="RegistrarClaseTest" name="testCase3" time="0.001"/>
  <testcase classname="RegistrarClaseTest" name="testCase3" time="0.004"/>
  <testcase classname="RegistrarClaseTest" name="testCase3" time="0.001"/>
  <testcase classname="RegistrarClaseTest" name="test_formato" time="0.001"/>
  <testcase classname="RegistrarClaseTest" name="testCase3" time="0.013"/>
  <testcase classname="RegistrarClaseTest" name="testCase3" time="0.041"/>
  <testcase classname="RegistrarClaseTest" name="testCase3" time="0.075"/>
  <testcase classname="RegistrarClaseTest" name="testCase3" time="0.113"/>
  <testcase classname="RegistrarClaseTest" name="testCase3" time="0.114"/>
  <testcase classname="RegistrarClaseTest" name="testCase3" time="0.000"/>
  <testcase classname="RegistrarClaseTest" name="testCase3" time="0.105"/>
  <testcase classname="RegistrarClaseTest" name="testCase3" time="0.000"/>
  <testcase classname="RegistrarClaseTest" name="testCase3" time="0.000"/>
  <testcase classname="RegistrarClaseTest" name="testCase3" time="0.041"/>
  <testcase classname="RegistrarClaseTest" name="testCase3" time="0.000"/>
  <testcase classname="RegistrarClaseTest" name="testCase3" time="0.045"/>
  <testcase classname="RegistrarClaseTest" name="testCase3" time="0.113"/>
  <testcase classname="RegistrarClaseTest" name="testCase3" time="0.106"/>
  <testcase classname="RegistrarClaseTest" name="testCase3" time="0.001"/>
  <testcase classname="RegistrarClaseTest" name="testCase3" time="0.112"/>
  <testcase classname="RegistrarClaseTest" name="testCase3" time="0.000"/>
  <testcase classname="RegistrarClaseTest" name="testCase3" time="0.000"/>
  <testcase classname="RegistrarClaseTest" name="testCase3" time="0.000"/>
  <testcase classname="RegistrarClaseTest" name="testCase3" time="0.059"/>
  <testcase classname="RegistrarClaseTest" name="testCase3" time="0.000"/>
  <testcase classname="RegistrarClaseTest" name="testCase3" time="0.011"/>
  <testcase classname="RegistrarClaseTest" name="testCase3" time="0.014"/>
  <testcase classname="RegistrarClaseTest" name="testCase3" time="0.083"/>
  <testcase classname="RegistrarClaseTest" name="testCase3" time="0.000"/>
  <testcase classname="RegistrarClaseTest" name="testCase3" time="0.105"/>
  <testcase classname="RegistrarClaseTest" name="testCase3" time="0.001"/>
  <testcase classname="RegistrarClaseTest" name="testCase3" time="0.109"/>
  <testcase classname="RegistrarClaseTest" name="testCase3" time="0.057"/>
  <testcase classname="RegistrarClaseTest" name="testCase3" time="0.108"/>
  <testcase classname="RegistrarClaseTest" name="testCase3" time="0.001"/>
  <testcase classname="RegistrarClaseTest" name="testCase3" time="0.107"/>
  <testcase classname="RegistrarClaseTest" name="testCase3" time="0.112"/>
  <testcase classname="RegistrarClaseTest" name="testCase3" time="0.115"/>
  <testcase classname="RegistrarClaseTest" name="testCase3" time="0.052"/>
  <testcase classname="RegistrarClaseTest" name="testCase3" time="0.041"/>
  <testcase classname="RegistrarClaseTest" name="testCase3" time="0.000"/>
  <testcase classname="RegistrarClaseTest" name="testCase3" time="0.000"/>
  <testcase classname="RegistrarClaseTest" name="testCase3" time="0.112"/>
  <testcase classname="RegistrarClaseTest" name="testCase3" time="0.000"/>
  <testcase classname="RegistrarClaseTest" name="testCase3" time="0.000"/>
  <testcase classname="RegistrarClaseTest" name="testCase3" time="0.001"/>
  <testcase classname="RegistrarClaseTest" name="testCase3" time="0.001"/>
  <testcase classname="RegistrarClaseTest" name="testCase3" time="0.001"/>
  <testcase classname="RegistrarClaseTest" name="testCase3" time="0.000"/>
  <testcase classname="RegistrarClaseTest" name="testCase3" time="0.000"/>
  <testcase classname="RegistrarClaseTest" name="testCase3" time="0.123"/>
  <testcase classname="RegistrarClaseTest" name="testCase3" time="0.107"/>
  <testcase classname="RegistrarClaseTest" name="testCase3" time="0.045"/>
  <testcase classname="RegistrarClaseTest" name="testCase3" time="0.041"/>
  <testcase classname="RegistrarClaseTest" name="testCase3" time="0.000"/>
  <testcase classname="RegistrarClaseTest" name="testCase3" time="0.000"/>
  <testcase classname="RegistrarClaseTest" name="testCase3" time="0.001"/>
  <testcase classname="RegistrarClaseTest" name="testCase3" time="0.121"/>
  <testcase classname="RegistrarClaseTest" name="testCase3" time="0.001"/>
  <testcase classname="RegistrarClaseTest" name="testCase3" time="0.000"/>
  <testcase classname="RegistrarClaseTest" name="testCase3" time="0.000"/>
  <testcase classname="RegistrarClaseTest" name="testCase3" time="0.000"/>
  <testcase classname="RegistrarClaseTest" name="test_emptyname" time="0.003"/>
  <testcase classname="RegistrarClaseTest" name="testCase3" time="0.058"/>
  <testcase classname="RegistrarClaseTest" name="testCase3" time="0.000"/>
  <testcase classname="RegistrarClaseTest" name="testCase3" time="0.005"/>
  <testcase classname="RegistrarClaseTest" name="testCase3" time="0.113"/>
  <testcase classname="RegistrarClaseTest" name="testCase3" time="0.112"/>
  <testcase classname="RegistrarClaseTest" name="testCase3" time="0.001"/>
  <testcase classname="RegistrarClaseTest" name="testCase3" time="0.000"/>
  <testcase classname="RegistrarClaseTest" name="testCase3" time="0.108"/>
</testsuite> <!-- RegistrarClaseTest -->
